[INFO] Scanning for projects...
[INFO] 
[INFO] -----------------------< com.entrusting:backend >-----------------------
[INFO] Building backend 0.0.1-SNAPSHOT
[INFO]   from pom.xml
[INFO] --------------------------------[ jar ]---------------------------------
[INFO] 
[INFO] --- resources:3.3.1:resources (default-resources) @ backend ---
[INFO] Copying 1 resource from src\main\resources to target\classes
[INFO] Copying 0 resource from src\main\resources to target\classes
[INFO] 
[INFO] --- compiler:3.11.0:compile (default-compile) @ backend ---
[INFO] Changes detected - recompiling the module! :source
[INFO] Compiling 16 source files with javac [debug release 17] to target\classes
[INFO] -------------------------------------------------------------
[ERROR] COMPILATION ERROR : 
[INFO] -------------------------------------------------------------
[ERROR] /C:/ContinueProject/homepage-project/entrusting-client/backend/src/main/java/com/entrusting/backend/user/service/AccountService.java:[19,19] cannot find symbol
  symbol:   class TransactionRepository
  location: class com.entrusting.backend.user.service.AccountService
[ERROR] /C:/ContinueProject/homepage-project/entrusting-client/backend/src/main/java/com/entrusting/backend/user/service/AccountService.java:[20,19] cannot find symbol
  symbol:   class BCryptPasswordEncoder
  location: class com.entrusting.backend.user.service.AccountService
[ERROR] /C:/ContinueProject/homepage-project/entrusting-client/backend/src/main/java/com/entrusting/backend/user/service/AccountService.java:[24,13] cannot find symbol
  symbol:   class TransactionRepository
  location: class com.entrusting.backend.user.service.AccountService
[ERROR] /C:/ContinueProject/homepage-project/entrusting-client/backend/src/main/java/com/entrusting/backend/user/service/AccountService.java:[24,58] cannot find symbol
  symbol:   class BCryptPasswordEncoder
  location: class com.entrusting.backend.user.service.AccountService
[ERROR] /C:/ContinueProject/homepage-project/entrusting-client/backend/src/main/java/com/entrusting/backend/user/service/AccountService.java:[41,23] cannot find symbol
  symbol:   variable UUID
  location: class com.entrusting.backend.user.service.AccountService
[ERROR] /C:/ContinueProject/homepage-project/entrusting-client/backend/src/main/java/com/entrusting/backend/user/service/AccountService.java:[49,9] cannot find symbol
  symbol:   class Transaction
  location: class com.entrusting.backend.user.service.AccountService
[ERROR] /C:/ContinueProject/homepage-project/entrusting-client/backend/src/main/java/com/entrusting/backend/user/service/AccountService.java:[49,42] cannot find symbol
  symbol:   class Transaction
  location: class com.entrusting.backend.user.service.AccountService
[ERROR] /C:/ContinueProject/homepage-project/entrusting-client/backend/src/main/java/com/entrusting/backend/user/service/AccountService.java:[77,9] cannot find symbol
  symbol:   class Transaction
  location: class com.entrusting.backend.user.service.AccountService
[ERROR] /C:/ContinueProject/homepage-project/entrusting-client/backend/src/main/java/com/entrusting/backend/user/service/AccountService.java:[77,39] cannot find symbol
  symbol:   class Transaction
  location: class com.entrusting.backend.user.service.AccountService
[INFO] 9 errors 
[INFO] -------------------------------------------------------------
[INFO] ------------------------------------------------------------------------
[INFO] BUILD FAILURE
[INFO] ------------------------------------------------------------------------
[INFO] Total time:  1.905 s
[INFO] Finished at: 2026-01-26T02:54:41+09:00
[INFO] ------------------------------------------------------------------------
[ERROR] Failed to execute goal org.apache.maven.plugins:maven-compiler-plugin:3.11.0:compile (default-compile) on project backend: Compilation failure: Compilation failure: 
[ERROR] /C:/ContinueProject/homepage-project/entrusting-client/backend/src/main/java/com/entrusting/backend/user/service/AccountService.java:[19,19] cannot find symbol
[ERROR]   symbol:   class TransactionRepository
[ERROR]   location: class com.entrusting.backend.user.service.AccountService
[ERROR] /C:/ContinueProject/homepage-project/entrusting-client/backend/src/main/java/com/entrusting/backend/user/service/AccountService.java:[20,19] cannot find symbol
[ERROR]   symbol:   class BCryptPasswordEncoder
[ERROR]   location: class com.entrusting.backend.user.service.AccountService
[ERROR] /C:/ContinueProject/homepage-project/entrusting-client/backend/src/main/java/com/entrusting/backend/user/service/AccountService.java:[24,13] cannot find symbol
[ERROR]   symbol:   class TransactionRepository
[ERROR]   location: class com.entrusting.backend.user.service.AccountService
[ERROR] /C:/ContinueProject/homepage-project/entrusting-client/backend/src/main/java/com/entrusting/backend/user/service/AccountService.java:[24,58] cannot find symbol
[ERROR]   symbol:   class BCryptPasswordEncoder
[ERROR]   location: class com.entrusting.backend.user.service.AccountService
[ERROR] /C:/ContinueProject/homepage-project/entrusting-client/backend/src/main/java/com/entrusting/backend/user/service/AccountService.java:[41,23] cannot find symbol
[ERROR]   symbol:   variable UUID
[ERROR]   location: class com.entrusting.backend.user.service.AccountService
[ERROR] /C:/ContinueProject/homepage-project/entrusting-client/backend/src/main/java/com/entrusting/backend/user/service/AccountService.java:[49,9] cannot find symbol
[ERROR]   symbol:   class Transaction
[ERROR]   location: class com.entrusting.backend.user.service.AccountService
[ERROR] /C:/ContinueProject/homepage-project/entrusting-client/backend/src/main/java/com/entrusting/backend/user/service/AccountService.java:[49,42] cannot find symbol
[ERROR]   symbol:   class Transaction
[ERROR]   location: class com.entrusting.backend.user.service.AccountService
[ERROR] /C:/ContinueProject/homepage-project/entrusting-client/backend/src/main/java/com/entrusting/backend/user/service/AccountService.java:[77,9] cannot find symbol
[ERROR]   symbol:   class Transaction
[ERROR]   location: class com.entrusting.backend.user.service.AccountService
[ERROR] /C:/ContinueProject/homepage-project/entrusting-client/backend/src/main/java/com/entrusting/backend/user/service/AccountService.java:[77,39] cannot find symbol
[ERROR]   symbol:   class Transaction
[ERROR]   location: class com.entrusting.backend.user.service.AccountService
[ERROR] -> [Help 1]
[ERROR] 
[ERROR] To see the full stack trace of the errors, re-run Maven with the -e switch.
[ERROR] Re-run Maven using the -X switch to enable full debug logging.
[ERROR] 
[ERROR] For more information about the errors and possible solutions, please read the following articles:
[ERROR] [Help 1] http://cwiki.apache.org/confluence/display/MAVEN/MojoFailureException
